[ 2017-06-29T10:39:02+08:00 ] ::1 /index.php/Admin/Login/login
INFO: [ app_init ] --START--
INFO: Run Behavior\BuildLiteBehavior [ RunTime:0.000006s ]
INFO: [ app_init ] --END-- [ RunTime:0.000169s ]
INFO: [ app_begin ] --START--
INFO: Run Behavior\ReadHtmlCacheBehavior [ RunTime:0.000214s ]
INFO: [ app_begin ] --END-- [ RunTime:0.000240s ]
INFO: [ view_parse ] --START--
INFO: [ template_filter ] --START--
INFO: Run Behavior\ContentReplaceBehavior [ RunTime:0.000026s ]
INFO: [ template_filter ] --END-- [ RunTime:0.000050s ]
INFO: Run Behavior\ParseTemplateBehavior [ RunTime:0.002531s ]
INFO: [ view_parse ] --END-- [ RunTime:0.002556s ]
INFO: [ view_filter ] --START--
INFO: Run Behavior\WriteHtmlCacheBehavior [ RunTime:0.000077s ]
INFO: [ view_filter ] --END-- [ RunTime:0.000096s ]
INFO: [ app_end ] --START--
INFO: Run Behavior\ShowPageTraceBehavior [ RunTime:0.000218s ]
INFO: [ app_end ] --END-- [ RunTime:0.000238s ]

[ 2017-06-29T10:41:32+08:00 ] ::1 /index.php/Admin/Login/login
INFO: [ app_init ] --START--
INFO: Run Behavior\BuildLiteBehavior [ RunTime:0.000008s ]
INFO: [ app_init ] --END-- [ RunTime:0.000222s ]
INFO: [ app_begin ] --START--
INFO: Run Behavior\ReadHtmlCacheBehavior [ RunTime:0.000249s ]
INFO: [ app_begin ] --END-- [ RunTime:0.000276s ]
INFO: [ view_parse ] --START--
INFO: [ template_filter ] --START--
INFO: Run Behavior\ContentReplaceBehavior [ RunTime:0.000021s ]
INFO: [ template_filter ] --END-- [ RunTime:0.000045s ]
INFO: Run Behavior\ParseTemplateBehavior [ RunTime:0.002474s ]
INFO: [ view_parse ] --END-- [ RunTime:0.002498s ]
INFO: [ view_filter ] --START--
INFO: Run Behavior\WriteHtmlCacheBehavior [ RunTime:0.000077s ]
INFO: [ view_filter ] --END-- [ RunTime:0.000095s ]
INFO: [ app_end ] --START--
INFO: Run Behavior\ShowPageTraceBehavior [ RunTime:0.000220s ]
INFO: [ app_end ] --END-- [ RunTime:0.000241s ]

[ 2017-06-29T10:41:38+08:00 ] ::1 /index.php/Admin/Login/login
INFO: [ app_init ] --START--
INFO: Run Behavior\BuildLiteBehavior [ RunTime:0.000008s ]
INFO: [ app_init ] --END-- [ RunTime:0.000195s ]
INFO: [ app_begin ] --START--
INFO: Run Behavior\ReadHtmlCacheBehavior [ RunTime:0.000250s ]
INFO: [ app_begin ] --END-- [ RunTime:0.000278s ]
INFO: [ view_parse ] --START--
INFO: [ template_filter ] --START--
INFO: Run Behavior\ContentReplaceBehavior [ RunTime:0.000024s ]
INFO: [ template_filter ] --END-- [ RunTime:0.000055s ]
INFO: Run Behavior\ParseTemplateBehavior [ RunTime:0.002690s ]
INFO: [ view_parse ] --END-- [ RunTime:0.002716s ]
INFO: [ view_filter ] --START--
INFO: Run Behavior\WriteHtmlCacheBehavior [ RunTime:0.000078s ]
INFO: [ view_filter ] --END-- [ RunTime:0.000097s ]
INFO: [ app_end ] --START--
INFO: Run Behavior\ShowPageTraceBehavior [ RunTime:0.000225s ]
INFO: [ app_end ] --END-- [ RunTime:0.000247s ]

[ 2017-06-29T10:43:05+08:00 ] ::1 /index.php/Admin/Login/login
INFO: [ app_init ] --START--
INFO: Run Behavior\BuildLiteBehavior [ RunTime:0.000014s ]
INFO: [ app_init ] --END-- [ RunTime:0.000334s ]
INFO: [ app_begin ] --START--
INFO: Run Behavior\ReadHtmlCacheBehavior [ RunTime:0.000414s ]
INFO: [ app_begin ] --END-- [ RunTime:0.000474s ]
INFO: [ view_parse ] --START--
INFO: [ template_filter ] --START--
INFO: Run Behavior\ContentReplaceBehavior [ RunTime:0.000054s ]
INFO: [ template_filter ] --END-- [ RunTime:0.000124s ]
INFO: Run Behavior\ParseTemplateBehavior [ RunTime:0.002890s ]
INFO: [ view_parse ] --END-- [ RunTime:0.002926s ]
INFO: [ view_filter ] --START--
INFO: Run Behavior\WriteHtmlCacheBehavior [ RunTime:0.000088s ]
INFO: [ view_filter ] --END-- [ RunTime:0.000108s ]
INFO: [ app_end ] --START--
INFO: Run Behavior\ShowPageTraceBehavior [ RunTime:0.000241s ]
INFO: [ app_end ] --END-- [ RunTime:0.000263s ]

[ 2017-06-29T10:57:49+08:00 ] ::1 /index.php/admin
INFO: [ app_init ] --START--
INFO: Run Behavior\BuildLiteBehavior [ RunTime:0.000013s ]
INFO: [ app_init ] --END-- [ RunTime:0.000271s ]
INFO: [ app_begin ] --START--
INFO: Run Behavior\ReadHtmlCacheBehavior [ RunTime:0.000289s ]
INFO: [ app_begin ] --END-- [ RunTime:0.000322s ]
INFO: [ view_parse ] --START--
INFO: [ template_filter ] --START--
INFO: Run Behavior\ContentReplaceBehavior [ RunTime:0.000020s ]
INFO: [ template_filter ] --END-- [ RunTime:0.000046s ]
INFO: Run Behavior\ParseTemplateBehavior [ RunTime:0.002383s ]
INFO: [ view_parse ] --END-- [ RunTime:0.002406s ]
INFO: [ view_filter ] --START--
INFO: Run Behavior\WriteHtmlCacheBehavior [ RunTime:0.000076s ]
INFO: [ view_filter ] --END-- [ RunTime:0.000094s ]
INFO: [ app_end ] --START--
INFO: Run Behavior\ShowPageTraceBehavior [ RunTime:0.000217s ]
INFO: [ app_end ] --END-- [ RunTime:0.000237s ]

[ 2017-06-29T10:58:03+08:00 ] ::1 /admin
INFO: [ app_init ] --START--
INFO: Run Behavior\BuildLiteBehavior [ RunTime:0.000009s ]
INFO: [ app_init ] --END-- [ RunTime:0.000194s ]
INFO: [ app_begin ] --START--
INFO: Run Behavior\ReadHtmlCacheBehavior [ RunTime:0.000335s ]
INFO: [ app_begin ] --END-- [ RunTime:0.000365s ]
INFO: [ view_parse ] --START--
INFO: [ template_filter ] --START--
INFO: Run Behavior\ContentReplaceBehavior [ RunTime:0.000024s ]
INFO: [ template_filter ] --END-- [ RunTime:0.000057s ]
INFO: Run Behavior\ParseTemplateBehavior [ RunTime:0.002718s ]
INFO: [ view_parse ] --END-- [ RunTime:0.002747s ]
INFO: [ view_filter ] --START--
INFO: Run Behavior\WriteHtmlCacheBehavior [ RunTime:0.000084s ]
INFO: [ view_filter ] --END-- [ RunTime:0.000103s ]
INFO: [ app_end ] --START--
INFO: Run Behavior\ShowPageTraceBehavior [ RunTime:0.000278s ]
INFO: [ app_end ] --END-- [ RunTime:0.000302s ]

[ 2017-06-29T11:04:33+08:00 ] ::1 /admin
INFO: [ app_init ] --START--
INFO: Run Behavior\BuildLiteBehavior [ RunTime:0.000009s ]
INFO: [ app_init ] --END-- [ RunTime:0.000192s ]
INFO: [ app_begin ] --START--
INFO: Run Behavior\ReadHtmlCacheBehavior [ RunTime:0.000293s ]
INFO: [ app_begin ] --END-- [ RunTime:0.000325s ]
INFO: [ view_parse ] --START--
INFO: [ template_filter ] --START--
INFO: Run Behavior\ContentReplaceBehavior [ RunTime:0.000024s ]
INFO: [ template_filter ] --END-- [ RunTime:0.000052s ]
INFO: Run Behavior\ParseTemplateBehavior [ RunTime:0.002609s ]
INFO: [ view_parse ] --END-- [ RunTime:0.002634s ]
INFO: [ view_filter ] --START--
INFO: Run Behavior\WriteHtmlCacheBehavior [ RunTime:0.000082s ]
INFO: [ view_filter ] --END-- [ RunTime:0.000100s ]
INFO: [ app_end ] --START--
INFO: Run Behavior\ShowPageTraceBehavior [ RunTime:0.000230s ]
INFO: [ app_end ] --END-- [ RunTime:0.000252s ]

[ 2017-06-29T11:04:49+08:00 ] ::1 /admin
INFO: [ app_init ] --START--
INFO: Run Behavior\BuildLiteBehavior [ RunTime:0.000007s ]
INFO: [ app_init ] --END-- [ RunTime:0.000168s ]
INFO: [ app_begin ] --START--
INFO: Run Behavior\ReadHtmlCacheBehavior [ RunTime:0.000212s ]
INFO: [ app_begin ] --END-- [ RunTime:0.000237s ]
INFO: [ view_parse ] --START--
INFO: [ template_filter ] --START--
INFO: Run Behavior\ContentReplaceBehavior [ RunTime:0.000020s ]
INFO: [ template_filter ] --END-- [ RunTime:0.000044s ]
INFO: Run Behavior\ParseTemplateBehavior [ RunTime:0.002410s ]
INFO: [ view_parse ] --END-- [ RunTime:0.002433s ]
INFO: [ view_filter ] --START--
INFO: Run Behavior\WriteHtmlCacheBehavior [ RunTime:0.000074s ]
INFO: [ view_filter ] --END-- [ RunTime:0.000092s ]
INFO: [ app_end ] --START--
INFO: Run Behavior\ShowPageTraceBehavior [ RunTime:0.000215s ]
INFO: [ app_end ] --END-- [ RunTime:0.000236s ]

[ 2017-06-29T11:05:23+08:00 ] ::1 /admin
INFO: [ app_init ] --START--
INFO: Run Behavior\BuildLiteBehavior [ RunTime:0.000008s ]
INFO: [ app_init ] --END-- [ RunTime:0.000177s ]
INFO: [ app_begin ] --START--
INFO: Run Behavior\ReadHtmlCacheBehavior [ RunTime:0.000251s ]
INFO: [ app_begin ] --END-- [ RunTime:0.000278s ]
INFO: [ view_parse ] --START--
INFO: [ template_filter ] --START--
INFO: Run Behavior\ContentReplaceBehavior [ RunTime:0.000023s ]
INFO: [ template_filter ] --END-- [ RunTime:0.000055s ]
INFO: Run Behavior\ParseTemplateBehavior [ RunTime:0.003078s ]
INFO: [ view_parse ] --END-- [ RunTime:0.003115s ]
INFO: [ view_filter ] --START--
INFO: Run Behavior\WriteHtmlCacheBehavior [ RunTime:0.000129s ]
INFO: [ view_filter ] --END-- [ RunTime:0.000178s ]
INFO: [ app_end ] --START--
INFO: Run Behavior\ShowPageTraceBehavior [ RunTime:0.000290s ]
INFO: [ app_end ] --END-- [ RunTime:0.000314s ]

[ 2017-06-29T11:05:31+08:00 ] ::1 /admin
INFO: [ app_init ] --START--
INFO: Run Behavior\BuildLiteBehavior [ RunTime:0.000008s ]
INFO: [ app_init ] --END-- [ RunTime:0.000184s ]
INFO: [ app_begin ] --START--
INFO: Run Behavior\ReadHtmlCacheBehavior [ RunTime:0.000245s ]
INFO: [ app_begin ] --END-- [ RunTime:0.000273s ]
INFO: [ view_parse ] --START--
INFO: [ template_filter ] --START--
INFO: Run Behavior\ContentReplaceBehavior [ RunTime:0.000021s ]
INFO: [ template_filter ] --END-- [ RunTime:0.000051s ]
INFO: Run Behavior\ParseTemplateBehavior [ RunTime:0.002417s ]
INFO: [ view_parse ] --END-- [ RunTime:0.002442s ]
INFO: [ view_filter ] --START--
INFO: Run Behavior\WriteHtmlCacheBehavior [ RunTime:0.000076s ]
INFO: [ view_filter ] --END-- [ RunTime:0.000095s ]
INFO: [ app_end ] --START--
INFO: Run Behavior\ShowPageTraceBehavior [ RunTime:0.000221s ]
INFO: [ app_end ] --END-- [ RunTime:0.000244s ]

[ 2017-06-29T11:12:52+08:00 ] ::1 /admin
INFO: [ app_init ] --START--
INFO: Run Behavior\BuildLiteBehavior [ RunTime:0.000008s ]
INFO: [ app_init ] --END-- [ RunTime:0.000171s ]
INFO: [ app_begin ] --START--
INFO: Run Behavior\ReadHtmlCacheBehavior [ RunTime:0.000211s ]
INFO: [ app_begin ] --END-- [ RunTime:0.000235s ]
INFO: [ view_parse ] --START--
INFO: [ template_filter ] --START--
INFO: Run Behavior\ContentReplaceBehavior [ RunTime:0.000020s ]
INFO: [ template_filter ] --END-- [ RunTime:0.000046s ]
INFO: Run Behavior\ParseTemplateBehavior [ RunTime:0.002558s ]
INFO: [ view_parse ] --END-- [ RunTime:0.002581s ]
INFO: [ view_filter ] --START--
INFO: Run Behavior\WriteHtmlCacheBehavior [ RunTime:0.000076s ]
INFO: [ view_filter ] --END-- [ RunTime:0.000093s ]
INFO: [ app_end ] --START--
INFO: Run Behavior\ShowPageTraceBehavior [ RunTime:0.000212s ]
INFO: [ app_end ] --END-- [ RunTime:0.000232s ]

[ 2017-06-29T11:15:14+08:00 ] ::1 /admin
INFO: [ app_init ] --START--
INFO: Run Behavior\BuildLiteBehavior [ RunTime:0.000009s ]
INFO: [ app_init ] --END-- [ RunTime:0.000226s ]
INFO: [ app_begin ] --START--
INFO: Run Behavior\ReadHtmlCacheBehavior [ RunTime:0.000231s ]
INFO: [ app_begin ] --END-- [ RunTime:0.000258s ]
INFO: [ view_parse ] --START--
INFO: [ template_filter ] --START--
INFO: Run Behavior\ContentReplaceBehavior [ RunTime:0.000025s ]
INFO: [ template_filter ] --END-- [ RunTime:0.000055s ]
INFO: Run Behavior\ParseTemplateBehavior [ RunTime:0.002615s ]
INFO: [ view_parse ] --END-- [ RunTime:0.002641s ]
INFO: [ view_filter ] --START--
INFO: Run Behavior\WriteHtmlCacheBehavior [ RunTime:0.000091s ]
INFO: [ view_filter ] --END-- [ RunTime:0.000112s ]
INFO: [ app_end ] --START--
INFO: Run Behavior\ShowPageTraceBehavior [ RunTime:0.000258s ]
INFO: [ app_end ] --END-- [ RunTime:0.000283s ]

[ 2017-06-29T11:18:18+08:00 ] ::1 /admin
INFO: [ app_init ] --START--
INFO: Run Behavior\BuildLiteBehavior [ RunTime:0.000007s ]
INFO: [ app_init ] --END-- [ RunTime:0.000195s ]
INFO: [ app_begin ] --START--
INFO: Run Behavior\ReadHtmlCacheBehavior [ RunTime:0.000218s ]
INFO: [ app_begin ] --END-- [ RunTime:0.000244s ]
INFO: [ view_parse ] --START--
INFO: [ template_filter ] --START--
INFO: Run Behavior\ContentReplaceBehavior [ RunTime:0.000024s ]
INFO: [ template_filter ] --END-- [ RunTime:0.000053s ]
INFO: Run Behavior\ParseTemplateBehavior [ RunTime:0.002632s ]
INFO: [ view_parse ] --END-- [ RunTime:0.002658s ]
INFO: [ view_filter ] --START--
INFO: Run Behavior\WriteHtmlCacheBehavior [ RunTime:0.000083s ]
INFO: [ view_filter ] --END-- [ RunTime:0.000103s ]
INFO: [ app_end ] --START--
INFO: Run Behavior\ShowPageTraceBehavior [ RunTime:0.000239s ]
INFO: [ app_end ] --END-- [ RunTime:0.000261s ]

[ 2017-06-29T11:18:44+08:00 ] ::1 /admin
INFO: [ app_init ] --START--
INFO: Run Behavior\BuildLiteBehavior [ RunTime:0.000008s ]
INFO: [ app_init ] --END-- [ RunTime:0.000225s ]
INFO: [ app_begin ] --START--
INFO: Run Behavior\ReadHtmlCacheBehavior [ RunTime:0.000319s ]
INFO: [ app_begin ] --END-- [ RunTime:0.000389s ]
INFO: [ view_parse ] --START--
INFO: [ template_filter ] --START--
INFO: Run Behavior\ContentReplaceBehavior [ RunTime:0.000022s ]
INFO: [ template_filter ] --END-- [ RunTime:0.000061s ]
INFO: Run Behavior\ParseTemplateBehavior [ RunTime:0.002700s ]
INFO: [ view_parse ] --END-- [ RunTime:0.002725s ]
INFO: [ view_filter ] --START--
INFO: Run Behavior\WriteHtmlCacheBehavior [ RunTime:0.000091s ]
INFO: [ view_filter ] --END-- [ RunTime:0.000111s ]
INFO: [ app_end ] --START--
INFO: Run Behavior\ShowPageTraceBehavior [ RunTime:0.000268s ]
INFO: [ app_end ] --END-- [ RunTime:0.000291s ]

[ 2017-06-29T11:18:52+08:00 ] ::1 /admin
INFO: [ app_init ] --START--
INFO: Run Behavior\BuildLiteBehavior [ RunTime:0.000012s ]
INFO: [ app_init ] --END-- [ RunTime:0.000210s ]
INFO: [ app_begin ] --START--
INFO: Run Behavior\ReadHtmlCacheBehavior [ RunTime:0.000282s ]
INFO: [ app_begin ] --END-- [ RunTime:0.000310s ]
INFO: [ view_parse ] --START--
INFO: [ template_filter ] --START--
INFO: Run Behavior\ContentReplaceBehavior [ RunTime:0.000027s ]
INFO: [ template_filter ] --END-- [ RunTime:0.000058s ]
INFO: Run Behavior\ParseTemplateBehavior [ RunTime:0.002696s ]
INFO: [ view_parse ] --END-- [ RunTime:0.002722s ]
INFO: [ view_filter ] --START--
INFO: Run Behavior\WriteHtmlCacheBehavior [ RunTime:0.000088s ]
INFO: [ view_filter ] --END-- [ RunTime:0.000110s ]
INFO: [ app_end ] --START--
INFO: Run Behavior\ShowPageTraceBehavior [ RunTime:0.000247s ]
INFO: [ app_end ] --END-- [ RunTime:0.000274s ]

[ 2017-06-29T11:19:02+08:00 ] ::1 /admin
INFO: [ app_init ] --START--
INFO: Run Behavior\BuildLiteBehavior [ RunTime:0.000008s ]
INFO: [ app_init ] --END-- [ RunTime:0.000180s ]
INFO: [ app_begin ] --START--
INFO: Run Behavior\ReadHtmlCacheBehavior [ RunTime:0.000256s ]
INFO: [ app_begin ] --END-- [ RunTime:0.000283s ]
INFO: [ view_parse ] --START--
INFO: [ template_filter ] --START--
INFO: Run Behavior\ContentReplaceBehavior [ RunTime:0.000025s ]
INFO: [ template_filter ] --END-- [ RunTime:0.000056s ]
INFO: Run Behavior\ParseTemplateBehavior [ RunTime:0.002623s ]
INFO: [ view_parse ] --END-- [ RunTime:0.002649s ]
INFO: [ view_filter ] --START--
INFO: Run Behavior\WriteHtmlCacheBehavior [ RunTime:0.000089s ]
INFO: [ view_filter ] --END-- [ RunTime:0.000108s ]
INFO: [ app_end ] --START--
INFO: Run Behavior\ShowPageTraceBehavior [ RunTime:0.000251s ]
INFO: [ app_end ] --END-- [ RunTime:0.000274s ]

[ 2017-06-29T11:20:19+08:00 ] ::1 /admin
INFO: [ app_init ] --START--
INFO: Run Behavior\BuildLiteBehavior [ RunTime:0.000009s ]
INFO: [ app_init ] --END-- [ RunTime:0.000200s ]
INFO: [ app_begin ] --START--
INFO: Run Behavior\ReadHtmlCacheBehavior [ RunTime:0.000228s ]
INFO: [ app_begin ] --END-- [ RunTime:0.000254s ]
INFO: [ view_parse ] --START--
INFO: [ template_filter ] --START--
INFO: Run Behavior\ContentReplaceBehavior [ RunTime:0.000025s ]
INFO: [ template_filter ] --END-- [ RunTime:0.000054s ]
INFO: Run Behavior\ParseTemplateBehavior [ RunTime:0.002739s ]
INFO: [ view_parse ] --END-- [ RunTime:0.002764s ]
INFO: [ view_filter ] --START--
INFO: Run Behavior\WriteHtmlCacheBehavior [ RunTime:0.000085s ]
INFO: [ view_filter ] --END-- [ RunTime:0.000106s ]
INFO: [ app_end ] --START--
INFO: Run Behavior\ShowPageTraceBehavior [ RunTime:0.000252s ]
INFO: [ app_end ] --END-- [ RunTime:0.000274s ]

[ 2017-06-29T11:21:00+08:00 ] ::1 /admin
INFO: [ app_init ] --START--
INFO: Run Behavior\BuildLiteBehavior [ RunTime:0.000008s ]
INFO: [ app_init ] --END-- [ RunTime:0.000180s ]
INFO: [ app_begin ] --START--
INFO: Run Behavior\ReadHtmlCacheBehavior [ RunTime:0.000214s ]
INFO: [ app_begin ] --END-- [ RunTime:0.000249s ]
INFO: [ view_parse ] --START--
INFO: [ template_filter ] --START--
INFO: Run Behavior\ContentReplaceBehavior [ RunTime:0.000021s ]
INFO: [ template_filter ] --END-- [ RunTime:0.000046s ]
INFO: Run Behavior\ParseTemplateBehavior [ RunTime:0.002468s ]
INFO: [ view_parse ] --END-- [ RunTime:0.002491s ]
INFO: [ view_filter ] --START--
INFO: Run Behavior\WriteHtmlCacheBehavior [ RunTime:0.000104s ]
INFO: [ view_filter ] --END-- [ RunTime:0.000131s ]
INFO: [ app_end ] --START--
INFO: Run Behavior\ShowPageTraceBehavior [ RunTime:0.000237s ]
INFO: [ app_end ] --END-- [ RunTime:0.000257s ]

[ 2017-06-29T11:22:39+08:00 ] ::1 /admin
INFO: [ app_init ] --START--
INFO: Run Behavior\BuildLiteBehavior [ RunTime:0.000009s ]
INFO: [ app_init ] --END-- [ RunTime:0.000194s ]
INFO: [ app_begin ] --START--
INFO: Run Behavior\ReadHtmlCacheBehavior [ RunTime:0.000246s ]
INFO: [ app_begin ] --END-- [ RunTime:0.000275s ]
INFO: [ view_parse ] --START--
INFO: [ template_filter ] --START--
INFO: Run Behavior\ContentReplaceBehavior [ RunTime:0.000026s ]
INFO: [ template_filter ] --END-- [ RunTime:0.000056s ]
INFO: Run Behavior\ParseTemplateBehavior [ RunTime:0.002820s ]
INFO: [ view_parse ] --END-- [ RunTime:0.002846s ]
INFO: [ view_filter ] --START--
INFO: Run Behavior\WriteHtmlCacheBehavior [ RunTime:0.000086s ]
INFO: [ view_filter ] --END-- [ RunTime:0.000104s ]
INFO: [ app_end ] --START--
INFO: Run Behavior\ShowPageTraceBehavior [ RunTime:0.000229s ]
INFO: [ app_end ] --END-- [ RunTime:0.000268s ]

[ 2017-06-29T12:11:57+08:00 ] ::1 /admin
ERR: 1146:Table 'haiua.user' doesn't exist
 [ SQL语句 ] : SHOW COLUMNS FROM `user`

[ 2017-06-29T13:31:23+08:00 ] ::1 /index.php/Admin/Index/index.html
ERR: 1146:Table 'haiua.hhnode' doesn't exist
 [ SQL语句 ] : SHOW COLUMNS FROM `hhnode`

[ 2017-06-29T13:32:12+08:00 ] ::1 /index.php/Admin/Index/index.html
ERR: Think\Model:getUserById方法不存在！

[ 2017-06-29T13:32:30+08:00 ] ::1 /index.php/Admin/Index/index.html
ERR: 1064:You have an error in your SQL syntax; check the manual that corresponds to your MySQL server version for the right syntax to use near '%d ) LIMIT 1' at line 1
 [ SQL语句 ] : SELECT * FROM `hh_user` WHERE ( id=%d ) LIMIT 1  

[ 2017-06-29T13:32:49+08:00 ] ::1 /index.php/Admin/Index/index.html
ERR: 1064:You have an error in your SQL syntax; check the manual that corresponds to your MySQL server version for the right syntax to use near ') LIMIT 1' at line 1
 [ SQL语句 ] : SELECT * FROM `hh_user` WHERE ( id= ) LIMIT 1  

[ 2017-06-29T13:41:41+08:00 ] ::1 /index.php/Admin/Index/userList.html
ERR: 非法操作:userList

[ 2017-06-29T14:02:47+08:00 ] ::1 /index.php/Admin/Index/updateUserPassword
INFO: [ app_begin ] --START--
INFO: Run Behavior\ReadHtmlCacheBehavior [ RunTime:0.000215s ]
INFO: [ app_begin ] --END-- [ RunTime:0.000378s ]
SQL: SHOW COLUMNS FROM `hh_user` [ RunTime:0.0022s ]
NOTIC: [8] Undefined variable: id /Users/admin/codet/admin/App/Admin/Model/UserModel.class.php 第 25 行.
ERR: 1064:You have an error in your SQL syntax; check the manual that corresponds to your MySQL server version for the right syntax to use near ')' at line 1
 [ SQL语句 ] : UPDATE `hh_user` SET `password`='e3576c605a64701251ef05eb0286823a' WHERE ( id= )
ERR: 1064:You have an error in your SQL syntax; check the manual that corresponds to your MySQL server version for the right syntax to use near ')' at line 1
 [ SQL语句 ] : UPDATE `hh_user` SET `password`='e3576c605a64701251ef05eb0286823a' WHERE ( id= )

[ 2017-06-29T14:03:53+08:00 ] ::1 /index.php/Admin/Index/updateUserPassword
INFO: [ app_begin ] --START--
INFO: Run Behavior\ReadHtmlCacheBehavior [ RunTime:0.000208s ]
INFO: [ app_begin ] --END-- [ RunTime:0.000381s ]
SQL: SHOW COLUMNS FROM `hh_user` [ RunTime:0.0021s ]
NOTIC: [8] Undefined variable: id /Users/admin/codet/admin/App/Admin/Model/UserModel.class.php 第 25 行.
ERR: 1064:You have an error in your SQL syntax; check the manual that corresponds to your MySQL server version for the right syntax to use near ')' at line 1
 [ SQL语句 ] : UPDATE `hh_user` SET `password`='e3576c605a64701251ef05eb0286823a' WHERE ( id= )
ERR: 1064:You have an error in your SQL syntax; check the manual that corresponds to your MySQL server version for the right syntax to use near ')' at line 1
 [ SQL语句 ] : UPDATE `hh_user` SET `password`='e3576c605a64701251ef05eb0286823a' WHERE ( id= )

[ 2017-06-29T14:06:59+08:00 ] ::1 /index.php/Admin/Index/updateUserPassword
INFO: [ app_begin ] --START--
INFO: Run Behavior\ReadHtmlCacheBehavior [ RunTime:0.000227s ]
INFO: [ app_begin ] --END-- [ RunTime:0.000399s ]
SQL: SHOW COLUMNS FROM `hh_user` [ RunTime:0.0010s ]
SQL: UPDATE `hh_user` SET `password`='382c7bf9e1681521f99cdc095f2878fa' WHERE ( id=1 ) [ RunTime:0.0004s ]

[ 2017-06-29T14:24:54+08:00 ] ::1 /index.php/Admin/Index/userList.html
ERR: 1052:Column 'name' in field list is ambiguous
 [ SQL语句 ] : SELECT a.id,`name`,`mail`,`mask`,`current_login_time`,d.name as role_name FROM `hh_user` as a left join hh_role_user as c on a.id=c.user_id left join hh_node as d on c.role_id=d.id  GROUP BY a.id 

[ 2017-06-29T14:27:50+08:00 ] ::1 /index.php/Admin/Index/userList.html
ERR: 1146:Table 'haiua.hh_rbac_role_user' doesn't exist
 [ SQL语句 ] : SELECT a.id,`name`,`mail`,`mask`,`current_login_time`,d.name as role_name FROM `hh_user` as a left join hh_rbac_role_user as c on a.id=c.user_id left join hh_rbac_role as d on c.role_id=d.id  GROUP BY a.id 

[ 2017-06-29T14:28:07+08:00 ] ::1 /index.php/Admin/Index/userList.html
ERR: 1146:Table 'haiua.hh_rbac_role' doesn't exist
 [ SQL语句 ] : SELECT a.id,`name`,`mail`,`mask`,`current_login_time`,d.name as role_name FROM `hh_user` as a left join hh_role_user as c on a.id=c.user_id left join hh_rbac_role as d on c.role_id=d.id  GROUP BY a.id 

[ 2017-06-29T14:28:19+08:00 ] ::1 /index.php/Admin/Index/userList.html
ERR: 1052:Column 'name' in field list is ambiguous
 [ SQL语句 ] : SELECT a.id,`name`,`mail`,`mask`,`current_login_time`,d.name as role_name FROM `hh_user` as a left join hh_role_user as c on a.id=c.user_id left join hh_role as d on c.role_id=d.id  GROUP BY a.id 

[ 2017-06-29T14:28:48+08:00 ] ::1 /index.php/Admin/Index/userList.html
ERR: 1054:Unknown column 'mask' in 'field list'
 [ SQL语句 ] : SELECT a.id,a.name,`mail`,`mask`,`current_login_time`,d.name as role_name FROM `hh_user` as a left join hh_role_user as c on a.id=c.user_id left join hh_role as d on c.role_id=d.id  GROUP BY a.id 

[ 2017-06-29T14:29:02+08:00 ] ::1 /index.php/Admin/Index/userList.html
ERR: 模板不存在:./App/Admin/View/Index/userList.html

[ 2017-06-29T14:35:10+08:00 ] ::1 /index.php/Admin/Index/userList.html
ERR: 1054:Unknown column 'mail' in 'field list'
 [ SQL语句 ] : SELECT a.id,a.name,`mail`,`is_active`,`current_login_time`,d.name as role_name FROM `hh_user` as a left join hh_role_user as c on a.id=c.user_id left join hh_role as d on c.role_id=d.id  GROUP BY a.id 

[ 2017-06-29T14:39:00+08:00 ] ::1 /index.php/Admin/Index/userList.html?name=haiua
ERR: 1052:Column 'name' in where clause is ambiguous
 [ SQL语句 ] : SELECT a.id,a.name,`email`,`is_active`,`current_login_time`,d.name as role_name FROM `hh_user` as a left join hh_role_user as c on a.id=c.user_id left join hh_role as d on c.role_id=d.id  WHERE `name` = 'haiua' GROUP BY a.id 

[ 2017-06-29T14:48:33+08:00 ] ::1 /index.php/Admin/Index/addUser.html
ERR: 模板不存在:./App/Admin/View/Index/addUser.html

[ 2017-06-29T14:57:04+08:00 ] ::1 /index.php/Admin/Index/addUser.html
ERR: Think\Model:roleList方法不存在！

[ 2017-06-29T15:44:58+08:00 ] ::1 /index.php/Admin/Index/checkEmail
INFO: [ app_begin ] --START--
INFO: Run Behavior\ReadHtmlCacheBehavior [ RunTime:0.000262s ]
INFO: [ app_begin ] --END-- [ RunTime:0.000461s ]
NOTIC: [2] session_start(): Cannot send session cache limiter - headers already sent /Users/admin/codet/admin/ThinkPHP/Common/functions.php 第 1263 行.
ERR: 非法操作:checkEmail
NOTIC: [2] Cannot modify header information - headers already sent /Users/admin/codet/admin/ThinkPHP/Library/Think/Think.class.php 第 229 行.
NOTIC: [2] Cannot modify header information - headers already sent /Users/admin/codet/admin/ThinkPHP/Library/Think/Think.class.php 第 230 行.

[ 2017-06-29T15:45:05+08:00 ] ::1 /index.php/Admin/Index/checkEmail
INFO: [ app_begin ] --START--
INFO: Run Behavior\ReadHtmlCacheBehavior [ RunTime:0.000217s ]
INFO: [ app_begin ] --END-- [ RunTime:0.000377s ]
NOTIC: [2] session_start(): Cannot send session cache limiter - headers already sent /Users/admin/codet/admin/ThinkPHP/Common/functions.php 第 1263 行.
ERR: 非法操作:checkEmail
NOTIC: [2] Cannot modify header information - headers already sent /Users/admin/codet/admin/ThinkPHP/Library/Think/Think.class.php 第 229 行.
NOTIC: [2] Cannot modify header information - headers already sent /Users/admin/codet/admin/ThinkPHP/Library/Think/Think.class.php 第 230 行.

[ 2017-06-29T15:45:12+08:00 ] ::1 /index.php/Admin/Index/checkEmail
INFO: [ app_begin ] --START--
INFO: Run Behavior\ReadHtmlCacheBehavior [ RunTime:0.000230s ]
INFO: [ app_begin ] --END-- [ RunTime:0.000407s ]
NOTIC: [2] session_start(): Cannot send session cache limiter - headers already sent /Users/admin/codet/admin/ThinkPHP/Common/functions.php 第 1263 行.
ERR: 非法操作:checkEmail
NOTIC: [2] Cannot modify header information - headers already sent /Users/admin/codet/admin/ThinkPHP/Library/Think/Think.class.php 第 229 行.
NOTIC: [2] Cannot modify header information - headers already sent /Users/admin/codet/admin/ThinkPHP/Library/Think/Think.class.php 第 230 行.

[ 2017-06-29T15:46:34+08:00 ] ::1 /index.php/Admin/Index/checkEmail
INFO: [ app_begin ] --START--
INFO: Run Behavior\ReadHtmlCacheBehavior [ RunTime:0.000209s ]
INFO: [ app_begin ] --END-- [ RunTime:0.000370s ]
NOTIC: [2] session_start(): Cannot send session cache limiter - headers already sent /Users/admin/codet/admin/ThinkPHP/Common/functions.php 第 1263 行.
ERR: 非法操作:checkEmail
NOTIC: [2] Cannot modify header information - headers already sent /Users/admin/codet/admin/ThinkPHP/Library/Think/Think.class.php 第 229 行.
NOTIC: [2] Cannot modify header information - headers already sent /Users/admin/codet/admin/ThinkPHP/Library/Think/Think.class.php 第 230 行.

[ 2017-06-29T15:46:39+08:00 ] ::1 /index.php/Admin/Index/checkEmail
INFO: [ app_begin ] --START--
INFO: Run Behavior\ReadHtmlCacheBehavior [ RunTime:0.000266s ]
INFO: [ app_begin ] --END-- [ RunTime:0.000478s ]
NOTIC: [2] session_start(): Cannot send session cache limiter - headers already sent /Users/admin/codet/admin/ThinkPHP/Common/functions.php 第 1263 行.
ERR: 非法操作:checkEmail
NOTIC: [2] Cannot modify header information - headers already sent /Users/admin/codet/admin/ThinkPHP/Library/Think/Think.class.php 第 229 行.
NOTIC: [2] Cannot modify header information - headers already sent /Users/admin/codet/admin/ThinkPHP/Library/Think/Think.class.php 第 230 行.

[ 2017-06-29T15:53:11+08:00 ] ::1 /index.php/Admin/Index/checkEmail
INFO: [ app_begin ] --START--
INFO: Run Behavior\ReadHtmlCacheBehavior [ RunTime:0.000242s ]
INFO: [ app_begin ] --END-- [ RunTime:0.000423s ]
SQL: SHOW COLUMNS FROM `hh_user` [ RunTime:0.0018s ]
SQL: SELECT * FROM `hh_user` WHERE ( email='ish' ) LIMIT 1   [ RunTime:0.0003s ]

[ 2017-06-29T15:53:29+08:00 ] ::1 /index.php/Admin/Index/checkEmail
INFO: [ app_begin ] --START--
INFO: Run Behavior\ReadHtmlCacheBehavior [ RunTime:0.000238s ]
INFO: [ app_begin ] --END-- [ RunTime:0.000414s ]
SQL: SHOW COLUMNS FROM `hh_user` [ RunTime:0.0018s ]
SQL: SELECT * FROM `hh_user` WHERE ( email='ishaiua@163.com' ) LIMIT 1   [ RunTime:0.0003s ]

[ 2017-06-29T15:53:35+08:00 ] ::1 /index.php/Admin/Index/checkEmail
INFO: [ app_begin ] --START--
INFO: Run Behavior\ReadHtmlCacheBehavior [ RunTime:0.000242s ]
INFO: [ app_begin ] --END-- [ RunTime:0.000428s ]
SQL: SHOW COLUMNS FROM `hh_user` [ RunTime:0.0018s ]
SQL: SELECT * FROM `hh_user` WHERE ( email='ishaiua@163.com' ) LIMIT 1   [ RunTime:0.0003s ]

[ 2017-06-29T15:53:38+08:00 ] ::1 /index.php/Admin/Index/checkEmail
INFO: [ app_begin ] --START--
INFO: Run Behavior\ReadHtmlCacheBehavior [ RunTime:0.000249s ]
INFO: [ app_begin ] --END-- [ RunTime:0.000441s ]
SQL: SHOW COLUMNS FROM `hh_user` [ RunTime:0.0020s ]
SQL: SELECT * FROM `hh_user` WHERE ( email='ishaiua@163.com' ) LIMIT 1   [ RunTime:0.0003s ]

[ 2017-06-29T15:53:39+08:00 ] ::1 /index.php/Admin/Index/checkEmail
INFO: [ app_begin ] --START--
INFO: Run Behavior\ReadHtmlCacheBehavior [ RunTime:0.000264s ]
INFO: [ app_begin ] --END-- [ RunTime:0.000466s ]
SQL: SHOW COLUMNS FROM `hh_user` [ RunTime:0.0018s ]
SQL: SELECT * FROM `hh_user` WHERE ( email='ishaiua@163.com' ) LIMIT 1   [ RunTime:0.0003s ]

[ 2017-06-29T15:53:40+08:00 ] ::1 /index.php/Admin/Index/checkEmail
INFO: [ app_begin ] --START--
INFO: Run Behavior\ReadHtmlCacheBehavior [ RunTime:0.000236s ]
INFO: [ app_begin ] --END-- [ RunTime:0.000417s ]
SQL: SHOW COLUMNS FROM `hh_user` [ RunTime:0.0018s ]
SQL: SELECT * FROM `hh_user` WHERE ( email='ishaiua@163.com' ) LIMIT 1   [ RunTime:0.0003s ]

[ 2017-06-29T15:53:46+08:00 ] ::1 /index.php/Admin/Index/checkEmail
INFO: [ app_begin ] --START--
INFO: Run Behavior\ReadHtmlCacheBehavior [ RunTime:0.000233s ]
INFO: [ app_begin ] --END-- [ RunTime:0.000411s ]
SQL: SHOW COLUMNS FROM `hh_user` [ RunTime:0.0019s ]
SQL: SELECT * FROM `hh_user` WHERE ( email='ishaiua@163.com' ) LIMIT 1   [ RunTime:0.0003s ]

[ 2017-06-29T15:54:12+08:00 ] ::1 /index.php/Admin/Index/checkEmail
INFO: [ app_begin ] --START--
INFO: Run Behavior\ReadHtmlCacheBehavior [ RunTime:0.000233s ]
INFO: [ app_begin ] --END-- [ RunTime:0.000419s ]
SQL: SHOW COLUMNS FROM `hh_user` [ RunTime:0.0025s ]
SQL: SELECT * FROM `hh_user` WHERE ( email='ishaiua@163.com' ) LIMIT 1   [ RunTime:0.0004s ]

[ 2017-06-29T15:54:13+08:00 ] ::1 /index.php/Admin/Index/checkEmail
INFO: [ app_begin ] --START--
INFO: Run Behavior\ReadHtmlCacheBehavior [ RunTime:0.000209s ]
INFO: [ app_begin ] --END-- [ RunTime:0.000404s ]
SQL: SHOW COLUMNS FROM `hh_user` [ RunTime:0.0021s ]
SQL: SELECT * FROM `hh_user` WHERE ( email='ishaiua@163.com' ) LIMIT 1   [ RunTime:0.0003s ]

[ 2017-06-29T15:54:13+08:00 ] ::1 /index.php/Admin/Index/checkEmail
INFO: [ app_begin ] --START--
INFO: Run Behavior\ReadHtmlCacheBehavior [ RunTime:0.000212s ]
INFO: [ app_begin ] --END-- [ RunTime:0.000364s ]
SQL: SHOW COLUMNS FROM `hh_user` [ RunTime:0.0019s ]
SQL: SELECT * FROM `hh_user` WHERE ( email='ishaiua@163.com' ) LIMIT 1   [ RunTime:0.0003s ]

[ 2017-06-29T15:54:14+08:00 ] ::1 /index.php/Admin/Index/checkEmail
INFO: [ app_begin ] --START--
INFO: Run Behavior\ReadHtmlCacheBehavior [ RunTime:0.000203s ]
INFO: [ app_begin ] --END-- [ RunTime:0.000358s ]
SQL: SHOW COLUMNS FROM `hh_user` [ RunTime:0.0020s ]
SQL: SELECT * FROM `hh_user` WHERE ( email='ishaiua@163.com' ) LIMIT 1   [ RunTime:0.0003s ]

[ 2017-06-29T15:54:15+08:00 ] ::1 /index.php/Admin/Index/checkEmail
INFO: [ app_begin ] --START--
INFO: Run Behavior\ReadHtmlCacheBehavior [ RunTime:0.000241s ]
INFO: [ app_begin ] --END-- [ RunTime:0.000425s ]
SQL: SHOW COLUMNS FROM `hh_user` [ RunTime:0.0019s ]
SQL: SELECT * FROM `hh_user` WHERE ( email='ishaiua@163.com' ) LIMIT 1   [ RunTime:0.0003s ]

[ 2017-06-29T15:54:16+08:00 ] ::1 /index.php/Admin/Index/checkEmail
INFO: [ app_begin ] --START--
INFO: Run Behavior\ReadHtmlCacheBehavior [ RunTime:0.000253s ]
INFO: [ app_begin ] --END-- [ RunTime:0.000450s ]
SQL: SHOW COLUMNS FROM `hh_user` [ RunTime:0.0019s ]
SQL: SELECT * FROM `hh_user` WHERE ( email='ishaiua@163.com' ) LIMIT 1   [ RunTime:0.0003s ]

[ 2017-06-29T15:54:17+08:00 ] ::1 /index.php/Admin/Index/checkEmail
INFO: [ app_begin ] --START--
INFO: Run Behavior\ReadHtmlCacheBehavior [ RunTime:0.000233s ]
INFO: [ app_begin ] --END-- [ RunTime:0.000410s ]
SQL: SHOW COLUMNS FROM `hh_user` [ RunTime:0.0022s ]
SQL: SELECT * FROM `hh_user` WHERE ( email='ishaiua@163.com' ) LIMIT 1   [ RunTime:0.0003s ]

[ 2017-06-29T15:54:18+08:00 ] ::1 /index.php/Admin/Index/checkEmail
INFO: [ app_begin ] --START--
INFO: Run Behavior\ReadHtmlCacheBehavior [ RunTime:0.000233s ]
INFO: [ app_begin ] --END-- [ RunTime:0.000412s ]
SQL: SHOW COLUMNS FROM `hh_user` [ RunTime:0.0018s ]
SQL: SELECT * FROM `hh_user` WHERE ( email='ishaiua@163.com' ) LIMIT 1   [ RunTime:0.0003s ]

[ 2017-06-29T15:54:18+08:00 ] ::1 /index.php/Admin/Index/checkEmail
INFO: [ app_begin ] --START--
INFO: Run Behavior\ReadHtmlCacheBehavior [ RunTime:0.000250s ]
INFO: [ app_begin ] --END-- [ RunTime:0.000430s ]
SQL: SHOW COLUMNS FROM `hh_user` [ RunTime:0.0021s ]
SQL: SELECT * FROM `hh_user` WHERE ( email='ishaiua@163.com' ) LIMIT 1   [ RunTime:0.0003s ]

[ 2017-06-29T15:54:19+08:00 ] ::1 /index.php/Admin/Index/checkEmail
INFO: [ app_begin ] --START--
INFO: Run Behavior\ReadHtmlCacheBehavior [ RunTime:0.000239s ]
INFO: [ app_begin ] --END-- [ RunTime:0.000423s ]
SQL: SHOW COLUMNS FROM `hh_user` [ RunTime:0.0019s ]
SQL: SELECT * FROM `hh_user` WHERE ( email='ishaiua@163.com' ) LIMIT 1   [ RunTime:0.0003s ]

[ 2017-06-29T15:54:19+08:00 ] ::1 /index.php/Admin/Index/checkEmail
INFO: [ app_begin ] --START--
INFO: Run Behavior\ReadHtmlCacheBehavior [ RunTime:0.000305s ]
INFO: [ app_begin ] --END-- [ RunTime:0.000490s ]
SQL: SHOW COLUMNS FROM `hh_user` [ RunTime:0.0021s ]
SQL: SELECT * FROM `hh_user` WHERE ( email='ishaiua@163.com' ) LIMIT 1   [ RunTime:0.0003s ]

[ 2017-06-29T15:54:21+08:00 ] ::1 /index.php/Admin/Index/checkEmail
INFO: [ app_begin ] --START--
INFO: Run Behavior\ReadHtmlCacheBehavior [ RunTime:0.000231s ]
INFO: [ app_begin ] --END-- [ RunTime:0.000409s ]
SQL: SHOW COLUMNS FROM `hh_user` [ RunTime:0.0019s ]
SQL: SELECT * FROM `hh_user` WHERE ( email='ishaiua@163.com' ) LIMIT 1   [ RunTime:0.0003s ]

[ 2017-06-29T15:54:21+08:00 ] ::1 /index.php/Admin/Index/checkEmail
INFO: [ app_begin ] --START--
INFO: Run Behavior\ReadHtmlCacheBehavior [ RunTime:0.000236s ]
INFO: [ app_begin ] --END-- [ RunTime:0.000421s ]
SQL: SHOW COLUMNS FROM `hh_user` [ RunTime:0.0018s ]
SQL: SELECT * FROM `hh_user` WHERE ( email='ishaiua@163.com' ) LIMIT 1   [ RunTime:0.0003s ]

[ 2017-06-29T15:54:22+08:00 ] ::1 /index.php/Admin/Index/checkEmail
INFO: [ app_begin ] --START--
INFO: Run Behavior\ReadHtmlCacheBehavior [ RunTime:0.000238s ]
INFO: [ app_begin ] --END-- [ RunTime:0.000421s ]
SQL: SHOW COLUMNS FROM `hh_user` [ RunTime:0.0012s ]
SQL: SELECT * FROM `hh_user` WHERE ( email='ishaiua@163.com' ) LIMIT 1   [ RunTime:0.0004s ]

[ 2017-06-29T15:54:42+08:00 ] ::1 /index.php/Admin/Index/checkEmail
INFO: [ app_begin ] --START--
INFO: Run Behavior\ReadHtmlCacheBehavior [ RunTime:0.000255s ]
INFO: [ app_begin ] --END-- [ RunTime:0.000449s ]
SQL: SHOW COLUMNS FROM `hh_user` [ RunTime:0.0009s ]
SQL: SELECT * FROM `hh_user` WHERE ( email='ishaiua@163.com' ) LIMIT 1   [ RunTime:0.0003s ]

[ 2017-06-29T15:54:44+08:00 ] ::1 /index.php/Admin/Index/checkEmail
INFO: [ app_begin ] --START--
INFO: Run Behavior\ReadHtmlCacheBehavior [ RunTime:0.000236s ]
INFO: [ app_begin ] --END-- [ RunTime:0.000417s ]
SQL: SHOW COLUMNS FROM `hh_user` [ RunTime:0.0018s ]
SQL: SELECT * FROM `hh_user` WHERE ( email='ishaiua@163.com' ) LIMIT 1   [ RunTime:0.0004s ]

[ 2017-06-29T15:54:44+08:00 ] ::1 /index.php/Admin/Index/checkEmail
INFO: [ app_begin ] --START--
INFO: Run Behavior\ReadHtmlCacheBehavior [ RunTime:0.000395s ]
INFO: [ app_begin ] --END-- [ RunTime:0.000690s ]
SQL: SHOW COLUMNS FROM `hh_user` [ RunTime:0.0019s ]
SQL: SELECT * FROM `hh_user` WHERE ( email='ishaiua@163.com' ) LIMIT 1   [ RunTime:0.0003s ]

[ 2017-06-29T15:54:45+08:00 ] ::1 /index.php/Admin/Index/checkEmail
INFO: [ app_begin ] --START--
INFO: Run Behavior\ReadHtmlCacheBehavior [ RunTime:0.000196s ]
INFO: [ app_begin ] --END-- [ RunTime:0.000345s ]
SQL: SHOW COLUMNS FROM `hh_user` [ RunTime:0.0017s ]
SQL: SELECT * FROM `hh_user` WHERE ( email='ishaiua@163.com' ) LIMIT 1   [ RunTime:0.0003s ]

[ 2017-06-29T15:54:49+08:00 ] ::1 /index.php/Admin/Index/checkEmail
INFO: [ app_begin ] --START--
INFO: Run Behavior\ReadHtmlCacheBehavior [ RunTime:0.000260s ]
INFO: [ app_begin ] --END-- [ RunTime:0.000453s ]
SQL: SHOW COLUMNS FROM `hh_user` [ RunTime:0.0020s ]
SQL: SELECT * FROM `hh_user` WHERE ( email='ishaiua@163.com' ) LIMIT 1   [ RunTime:0.0003s ]

[ 2017-06-29T15:54:53+08:00 ] ::1 /index.php/Admin/Index/checkEmail
INFO: [ app_begin ] --START--
INFO: Run Behavior\ReadHtmlCacheBehavior [ RunTime:0.000260s ]
INFO: [ app_begin ] --END-- [ RunTime:0.000462s ]
SQL: SHOW COLUMNS FROM `hh_user` [ RunTime:0.0021s ]
SQL: SELECT * FROM `hh_user` WHERE ( email='ishaiua@163.com' ) LIMIT 1   [ RunTime:0.0003s ]

[ 2017-06-29T15:54:54+08:00 ] ::1 /index.php/Admin/Index/checkEmail
INFO: [ app_begin ] --START--
INFO: Run Behavior\ReadHtmlCacheBehavior [ RunTime:0.000252s ]
INFO: [ app_begin ] --END-- [ RunTime:0.000442s ]
SQL: SHOW COLUMNS FROM `hh_user` [ RunTime:0.0018s ]
SQL: SELECT * FROM `hh_user` WHERE ( email='ishaiua@163.com' ) LIMIT 1   [ RunTime:0.0003s ]

[ 2017-06-29T15:55:48+08:00 ] ::1 /index.php/Admin/Index/checkEmail
INFO: [ app_begin ] --START--
INFO: Run Behavior\ReadHtmlCacheBehavior [ RunTime:0.000204s ]
INFO: [ app_begin ] --END-- [ RunTime:0.000364s ]
SQL: SHOW COLUMNS FROM `hh_user` [ RunTime:0.0017s ]
SQL: SELECT * FROM `hh_user` WHERE ( email='admin@admin.com' ) LIMIT 1   [ RunTime:0.0003s ]

[ 2017-06-29T15:55:58+08:00 ] ::1 /index.php/Admin/Index/checkEmail
INFO: [ app_begin ] --START--
INFO: Run Behavior\ReadHtmlCacheBehavior [ RunTime:0.000239s ]
INFO: [ app_begin ] --END-- [ RunTime:0.000422s ]
SQL: SHOW COLUMNS FROM `hh_user` [ RunTime:0.0018s ]
SQL: SELECT * FROM `hh_user` WHERE ( email='ishaiua@163.com' ) LIMIT 1   [ RunTime:0.0003s ]

[ 2017-06-29T15:56:05+08:00 ] ::1 /index.php/Admin/Index/checkEmail
INFO: [ app_begin ] --START--
INFO: Run Behavior\ReadHtmlCacheBehavior [ RunTime:0.000220s ]
INFO: [ app_begin ] --END-- [ RunTime:0.000398s ]
SQL: SHOW COLUMNS FROM `hh_user` [ RunTime:0.0024s ]
SQL: SELECT * FROM `hh_user` WHERE ( email='' ) LIMIT 1   [ RunTime:0.0003s ]

[ 2017-06-29T15:58:55+08:00 ] ::1 /index.php/Admin/Index/checkEmail
INFO: [ app_begin ] --START--
INFO: Run Behavior\ReadHtmlCacheBehavior [ RunTime:0.000255s ]
INFO: [ app_begin ] --END-- [ RunTime:0.000446s ]
SQL: SHOW COLUMNS FROM `hh_user` [ RunTime:0.0010s ]
SQL: SELECT * FROM `hh_user` WHERE ( email='xiaohai@163.com' ) LIMIT 1   [ RunTime:0.0003s ]

[ 2017-06-29T16:01:46+08:00 ] ::1 /index.php/Admin/Index/addUser.html
ERR: 1364:Field 'session' doesn't have a default value
 [ SQL语句 ] : INSERT INTO `hh_user` (`name`,`email`,`password`,`remark`) VALUES ('xiaohai','xiaohai@163.com','06fd37ce173164b8435dec18610ad215','xiaohai')

[ 2017-06-29T16:04:47+08:00 ] ::1 /index.php/Admin/Index/checkEmail
INFO: [ app_begin ] --START--
INFO: Run Behavior\ReadHtmlCacheBehavior [ RunTime:0.000205s ]
INFO: [ app_begin ] --END-- [ RunTime:0.000362s ]
SQL: SHOW COLUMNS FROM `hh_user` [ RunTime:0.0010s ]
SQL: SELECT * FROM `hh_user` WHERE ( email='xiaohai@163.com' ) LIMIT 1   [ RunTime:0.0002s ]

[ 2017-06-29T16:10:33+08:00 ] ::1 /index.php/Admin/Index/deleteUser.html
INFO: [ app_begin ] --START--
INFO: Run Behavior\ReadHtmlCacheBehavior [ RunTime:0.000210s ]
INFO: [ app_begin ] --END-- [ RunTime:0.000370s ]
SQL: SHOW COLUMNS FROM `hh_user` [ RunTime:0.0022s ]
SQL: DELETE FROM `hh_user` WHERE `id` = 24 [ RunTime:0.0003s ]
INFO: [ app_end ] --START--
INFO: Run Behavior\ShowPageTraceBehavior [ RunTime:0.000358s ]
INFO: [ app_end ] --END-- [ RunTime:0.000388s ]

[ 2017-06-29T16:11:58+08:00 ] ::1 /index.php/Admin/Index/checkEmail
INFO: [ app_begin ] --START--
INFO: Run Behavior\ReadHtmlCacheBehavior [ RunTime:0.000201s ]
INFO: [ app_begin ] --END-- [ RunTime:0.000354s ]
SQL: SHOW COLUMNS FROM `hh_user` [ RunTime:0.0009s ]
SQL: SELECT * FROM `hh_user` WHERE ( email='test@163.com' ) LIMIT 1   [ RunTime:0.0003s ]

[ 2017-06-29T16:12:14+08:00 ] ::1 /index.php/Admin/Index/addUser.html
ERR: 1364:Field 'current_login_ip' doesn't have a default value
 [ SQL语句 ] : INSERT INTO `hh_user` (`name`,`email`,`password`,`remark`) VALUES ('test_name','test@163.com','5281ba220de6145013979799a1c86b87','test')

[ 2017-06-29T16:37:18+08:00 ] ::1 /index.php/Admin/Index/updateUser/id/25.html
ERR: 1146:Table 'haiua.role_user' doesn't exist
 [ SQL语句 ] : SELECT a.id as id,a.name as name,`email`,`is_active`,`remark`,`current_login_ip`,`current_login_time`,c.name as rolename FROM `hh_user`  as a left join role_user as b on a.id=b.user_id left join role as c on b.role_id=c.id   WHERE ( id=25 ) LIMIT 1  

[ 2017-06-29T16:39:00+08:00 ] ::1 /index.php/Admin/Index/updateUser/id/25.html
ERR: 1146:Table 'haiua.role' doesn't exist
 [ SQL语句 ] : SELECT a.id as id,a.name as name,`email`,`is_active`,`remark`,`current_login_ip`,`current_login_time`,c.name as rolename FROM `hh_user`  as a left join hh_role_user as b on a.id=b.user_id left join role as c on b.role_id=c.id   WHERE ( id=25 ) LIMIT 1  

[ 2017-06-29T16:39:12+08:00 ] ::1 /index.php/Admin/Index/updateUser/id/25.html
ERR: 1052:Column 'remark' in field list is ambiguous
 [ SQL语句 ] : SELECT a.id as id,a.name as name,`email`,`is_active`,`remark`,`current_login_ip`,`current_login_time`,c.name as rolename FROM `hh_user`  as a left join hh_role_user as b on a.id=b.user_id left join hh_role as c on b.role_id=c.id   WHERE ( id=25 ) LIMIT 1  

[ 2017-06-29T16:39:53+08:00 ] ::1 /index.php/Admin/Index/updateUser/id/25.html
ERR: 1052:Column 'id' in where clause is ambiguous
 [ SQL语句 ] : SELECT a.id as id,a.name as name,`email`,`is_active`,a.remark as remark,`current_login_ip`,`current_login_time`,c.name as rolename FROM `hh_user`  as a left join hh_role_user as b on a.id=b.user_id left join hh_role as c on b.role_id=c.id   WHERE ( id=25 ) LIMIT 1  

[ 2017-06-29T16:54:20+08:00 ] ::1 /index.php/Admin/Index/updateUser/id/25.html
ERR: 1048:Column 'email' cannot be null
 [ SQL语句 ] : UPDATE `hh_user` SET `name`='test',`remark`='test',`email`=NULL WHERE `id` = 25

[ 2017-06-29T17:02:41+08:00 ] ::1 /index.php/Admin/AccountSetting/updaterole/roleid/1.html
ERR: 无法加载控制器:AccountSetting

